  Mate 2.cpp
C:\Users\55gus\source\repos\Mate 2\Mate 2.cpp(9,31): warning C4305:  'inicializando': truncamiento de 'double' a 'float'
C:\Users\55gus\source\repos\Mate 2\Mate 2.cpp(30,15): warning C4244:  '=': conversión de 'double' a 'float'; posible pérdida de datos
C:\Users\55gus\source\repos\Mate 2\Mate 2.cpp(75,19): warning C4552:  ">=": el resultado de la expresión no se usa
C:\Users\55gus\source\repos\Mate 2\Mate 2.cpp(75,62): warning C4244:  '=': conversión de 'double' a 'float'; posible pérdida de datos
C:\Users\55gus\source\repos\Mate 2\Mate 2.cpp(88,19): warning C4552:  ">=": el resultado de la expresión no se usa
C:\Users\55gus\source\repos\Mate 2\Mate 2.cpp(88,62): warning C4244:  '=': conversión de 'double' a 'float'; posible pérdida de datos
C:\Users\55gus\source\repos\Mate 2\Mate 2.cpp(124,20): warning C4552:  ">=": el resultado de la expresión no se usa
C:\Users\55gus\source\repos\Mate 2\Mate 2.cpp(124,63): warning C4244:  '=': conversión de 'double' a 'float'; posible pérdida de datos
C:\Users\55gus\source\repos\Mate 2\Mate 2.cpp(137,20): warning C4552:  ">=": el resultado de la expresión no se usa
C:\Users\55gus\source\repos\Mate 2\Mate 2.cpp(137,63): warning C4244:  '=': conversión de 'double' a 'float'; posible pérdida de datos
C:\Users\55gus\source\repos\Mate 2\Mate 2.cpp(170,21): warning C4552:  ">=": el resultado de la expresión no se usa
C:\Users\55gus\source\repos\Mate 2\Mate 2.cpp(170,64): warning C4244:  '=': conversión de 'double' a 'float'; posible pérdida de datos
C:\Users\55gus\source\repos\Mate 2\Mate 2.cpp(183,21): warning C4552:  ">=": el resultado de la expresión no se usa
C:\Users\55gus\source\repos\Mate 2\Mate 2.cpp(183,64): warning C4244:  '=': conversión de 'double' a 'float'; posible pérdida de datos
C:\Users\55gus\source\repos\Mate 2\Mate 2.cpp(225,20): warning C4552:  ">=": el resultado de la expresión no se usa
C:\Users\55gus\source\repos\Mate 2\Mate 2.cpp(225,63): warning C4244:  '=': conversión de 'double' a 'float'; posible pérdida de datos
C:\Users\55gus\source\repos\Mate 2\Mate 2.cpp(238,20): warning C4552:  ">=": el resultado de la expresión no se usa
C:\Users\55gus\source\repos\Mate 2\Mate 2.cpp(238,63): warning C4244:  '=': conversión de 'double' a 'float'; posible pérdida de datos
C:\Users\55gus\source\repos\Mate 2\Mate 2.cpp(275,22): warning C4552:  ">=": el resultado de la expresión no se usa
C:\Users\55gus\source\repos\Mate 2\Mate 2.cpp(275,65): warning C4244:  '=': conversión de 'double' a 'float'; posible pérdida de datos
C:\Users\55gus\source\repos\Mate 2\Mate 2.cpp(288,22): warning C4552:  ">=": el resultado de la expresión no se usa
C:\Users\55gus\source\repos\Mate 2\Mate 2.cpp(288,65): warning C4244:  '=': conversión de 'double' a 'float'; posible pérdida de datos
C:\Users\55gus\source\repos\Mate 2\Mate 2.cpp(323,23): warning C4552:  ">=": el resultado de la expresión no se usa
C:\Users\55gus\source\repos\Mate 2\Mate 2.cpp(323,66): warning C4244:  '=': conversión de 'double' a 'float'; posible pérdida de datos
C:\Users\55gus\source\repos\Mate 2\Mate 2.cpp(336,23): warning C4552:  ">=": el resultado de la expresión no se usa
C:\Users\55gus\source\repos\Mate 2\Mate 2.cpp(336,66): warning C4244:  '=': conversión de 'double' a 'float'; posible pérdida de datos
C:\Users\55gus\source\repos\Mate 2\Mate 2.cpp(369,24): warning C4552:  ">=": el resultado de la expresión no se usa
C:\Users\55gus\source\repos\Mate 2\Mate 2.cpp(369,67): warning C4244:  '=': conversión de 'double' a 'float'; posible pérdida de datos
C:\Users\55gus\source\repos\Mate 2\Mate 2.cpp(382,24): warning C4552:  ">=": el resultado de la expresión no se usa
C:\Users\55gus\source\repos\Mate 2\Mate 2.cpp(382,67): warning C4244:  '=': conversión de 'double' a 'float'; posible pérdida de datos
C:\Users\55gus\source\repos\Mate 2\Mate 2.cpp(426,21): warning C4552:  ">=": el resultado de la expresión no se usa
C:\Users\55gus\source\repos\Mate 2\Mate 2.cpp(426,64): warning C4244:  '=': conversión de 'double' a 'float'; posible pérdida de datos
C:\Users\55gus\source\repos\Mate 2\Mate 2.cpp(439,21): warning C4552:  ">=": el resultado de la expresión no se usa
C:\Users\55gus\source\repos\Mate 2\Mate 2.cpp(439,64): warning C4244:  '=': conversión de 'double' a 'float'; posible pérdida de datos
C:\Users\55gus\source\repos\Mate 2\Mate 2.cpp(472,22): warning C4552:  ">=": el resultado de la expresión no se usa
C:\Users\55gus\source\repos\Mate 2\Mate 2.cpp(472,65): warning C4244:  '=': conversión de 'double' a 'float'; posible pérdida de datos
C:\Users\55gus\source\repos\Mate 2\Mate 2.cpp(485,22): warning C4552:  ">=": el resultado de la expresión no se usa
C:\Users\55gus\source\repos\Mate 2\Mate 2.cpp(485,65): warning C4244:  '=': conversión de 'double' a 'float'; posible pérdida de datos
C:\Users\55gus\source\repos\Mate 2\Mate 2.cpp(517,23): warning C4552:  ">=": el resultado de la expresión no se usa
C:\Users\55gus\source\repos\Mate 2\Mate 2.cpp(517,66): warning C4244:  '=': conversión de 'double' a 'float'; posible pérdida de datos
C:\Users\55gus\source\repos\Mate 2\Mate 2.cpp(530,23): warning C4552:  ">=": el resultado de la expresión no se usa
C:\Users\55gus\source\repos\Mate 2\Mate 2.cpp(530,66): warning C4244:  '=': conversión de 'double' a 'float'; posible pérdida de datos
C:\Users\55gus\source\repos\Mate 2\Mate 2.cpp(45,8): warning C4101:  'curvagraf': variable local sin referencia
  Mate 2.vcxproj -> C:\Users\55gus\source\repos\Mate 2\x64\Debug\Mate 2.exe
